#
# There is insufficient memory for the Java Runtime Environment to continue.
# Native memory allocation (malloc) failed to allocate 1350288 bytes for Chunk::new
# Possible reasons:
#   The system is out of physical RAM or swap space
#   In 32 bit mode, the process size limit was hit
# Possible solutions:
#   Reduce memory load on the system
#   Increase physical memory or swap space
#   Check if swap backing store is full
#   Use 64 bit Java on a 64 bit OS
#   Decrease Java heap size (-Xmx/-Xms)
#   Decrease number of Java threads
#   Decrease Java thread stack sizes (-Xss)
#   Set larger code cache with -XX:ReservedCodeCacheSize=
# This output file may be truncated or incomplete.
#
#  Out of Memory Error (allocation.cpp:390), pid=390048, tid=0x000000000004270c
#
# JRE version: Java(TM) SE Runtime Environment (8.0_144-b01) (build 1.8.0_144-b01)
# Java VM: Java HotSpot(TM) 64-Bit Server VM (25.144-b01 mixed mode windows-amd64 compressed oops)
# Failed to write core dump. Minidumps are not enabled by default on client versions of Windows
#

---------------  T H R E A D  ---------------

Current thread (0x0000000057f8d800):  JavaThread "C2 CompilerThread0" daemon [_thread_in_native, id=272140, stack(0x0000000058960000,0x0000000058a60000)]

Stack: [0x0000000058960000,0x0000000058a60000]
[error occurred during error reporting (printing stack bounds), id 0xc0000005]

Native frames: (J=compiled Java code, j=interpreted, Vv=VM code, C=native code)


Current CompileTask:
C2:  10049 3401   !   4       org.springframework.core.annotation.AnnotatedElementUtils::searchWithFindSemantics (774 bytes)


---------------  P R O C E S S  ---------------

Java Threads: ( => current thread )
  0x0000000059643800 JavaThread "mysql-cj-abandoned-connection-cleanup" daemon [_thread_blocked, id=132776, stack(0x000000005faa0000,0x000000005fba0000)]
  0x0000000059642800 JavaThread "container-0" [_thread_blocked, id=176648, stack(0x000000005f8f0000,0x000000005f9f0000)]
  0x0000000059642000 JavaThread "Catalina-utility-2" [_thread_blocked, id=33084, stack(0x000000005b080000,0x000000005b180000)]
  0x0000000059641000 JavaThread "Catalina-utility-1" [_thread_blocked, id=348452, stack(0x000000005b290000,0x000000005b390000)]
  0x000000005945b800 JavaThread "restartedMain" [_thread_blocked, id=3292, stack(0x000000005a8c0000,0x000000005a9c0000)]
  0x000000005963e000 JavaThread "Thread-0" [_thread_blocked, id=372184, stack(0x000000005a650000,0x000000005a750000)]
  0x0000000058003800 JavaThread "Service Thread" daemon [_thread_blocked, id=117644, stack(0x0000000058d50000,0x0000000058e50000)]
  0x0000000057fe5800 JavaThread "C1 CompilerThread2" daemon [_thread_blocked, id=34232, stack(0x0000000058bf0000,0x0000000058cf0000)]
  0x0000000057fe2800 JavaThread "C2 CompilerThread1" daemon [_thread_blocked, id=38244, stack(0x0000000058a60000,0x0000000058b60000)]
=>0x0000000057f8d800 JavaThread "C2 CompilerThread0" daemon [_thread_in_native, id=272140, stack(0x0000000058960000,0x0000000058a60000)]
  0x0000000057f8c000 JavaThread "Attach Listener" daemon [_thread_blocked, id=117168, stack(0x0000000058780000,0x0000000058880000)]
  0x0000000057f8b800 JavaThread "Signal Dispatcher" daemon [_thread_blocked, id=403780, stack(0x0000000058660000,0x0000000058760000)]
  0x0000000057f70800 JavaThread "Finalizer" daemon [_thread_blocked, id=310116, stack(0x0000000058400000,0x0000000058500000)]
  0x0000000056680800 JavaThread "Reference Handler" daemon [_thread_blocked, id=185272, stack(0x0000000057ce0000,0x0000000057de0000)]
  0x00000000022c2000 JavaThread "main" [_thread_blocked, id=174492, stack(0x0000000002590000,0x0000000002690000)]

Other Threads:
  0x0000000056679000 VMThread [stack: 0x0000000057e30000,0x0000000057f30000] [id=227268]
  0x0000000058024800 WatcherThread [stack: 0x0000000058510000,0x0000000058610000] [id=347908]

VM state:at safepoint (normal execution)

VM Mutex/Monitor currently owned by a thread:  ([mutex/lock_event])
[0x00000000022c0900] Threads_lock - owner thread: 0x0000000056679000
[0x00000000022c0e00] Heap_lock - owner thread: 0x000000005945b800

Heap:
 PSYoungGen      total 53248K, used 2571K [0x00000000e0000000, 0x00000000e3800000, 0x0000000100000000)
  eden space 49152K, 0% used [0x00000000e0000000,0x00000000e0000000,0x00000000e3000000)
  from space 4096K, 62% used [0x00000000e3400000,0x00000000e3682cb0,0x00000000e3800000)
  to   space 4096K, 0% used [0x00000000e3000000,0x00000000e3000000,0x00000000e3400000)
 ParOldGen       total 40448K, used 18659K [0x00000000a0000000, 0x00000000a2780000, 0x00000000e0000000)
  object space 40448K, 46% used [0x00000000a0000000,0x00000000a1238e58,0x00000000a2780000)
 Metaspace       used 33863K, capacity 35354K, committed 35456K, reserved 1079296K
  class space    used 4369K, capacity 4673K, committed 4736K, reserved 1048576K

Card table byte_map: [0x0000000011d20000,0x0000000012030000] byte_map_base: 0x0000000011820000

Marking Bits: (ParMarkBitMap*) 0x000000006dcdd850
 Begin Bits: [0x0000000012990000, 0x0000000014190000)
 End Bits:   [0x0000000014190000, 0x0000000015990000)

Polling page: 0x0000000000220000

CodeCache: size=245760Kb used=12131Kb max_used=12131Kb free=233628Kb
 bounds [0x0000000002960000, 0x0000000003550000, 0x0000000011960000]
 total_blobs=3880 nmethods=3464 adapters=329
 compilation: enabled

Compilation events (10 events):
Event: 9.875 Thread 0x0000000057fe5800 3512       3       java.util.Properties::load0 (250 bytes)
Event: 9.877 Thread 0x0000000057fe5800 nmethod 3512 0x0000000003535350 code [0x0000000003535540, 0x0000000003535f18]
Event: 9.877 Thread 0x0000000057fe5800 3513       3       java.util.Properties$LineReader::readLine (468 bytes)
Event: 9.880 Thread 0x0000000057fe5800 nmethod 3513 0x000000000353dc50 code [0x000000000353dee0, 0x000000000353f588]
Event: 9.882 Thread 0x0000000057fe5800 3514       1       java.util.zip.ZipFile::access$300 (5 bytes)
Event: 9.882 Thread 0x0000000057fe5800 nmethod 3514 0x0000000003535090 code [0x00000000035351e0, 0x00000000035352d0]
Event: 9.882 Thread 0x0000000057fe5800 3515       3       java.lang.String::lastIndexOf (151 bytes)
Event: 9.883 Thread 0x0000000057fe5800 nmethod 3515 0x0000000003534510 code [0x00000000035346c0, 0x0000000003534c10]
Event: 9.892 Thread 0x0000000057fe5800 3516       3       java.lang.invoke.MethodHandles$Lookup::findStatic (27 bytes)
Event: 9.892 Thread 0x0000000057fe5800 nmethod 3516 0x000000000353ff50 code [0x00000000035400e0, 0x0000000003540488]

GC Heap History (10 events):
Event: 5.396 GC heap after
Heap after GC invocations=8 (full 1):
 PSYoungGen      total 53248K, used 3048K [0x00000000e0000000, 0x00000000e3800000, 0x0000000100000000)
  eden space 49152K, 0% used [0x00000000e0000000,0x00000000e0000000,0x00000000e3000000)
  from space 4096K, 74% used [0x00000000e3000000,0x00000000e32fa2f8,0x00000000e3400000)
  to   space 4096K, 0% used [0x00000000e3400000,0x00000000e3400000,0x00000000e3800000)
 ParOldGen       total 40448K, used 6882K [0x00000000a0000000, 0x00000000a2780000, 0x00000000e0000000)
  object space 40448K, 17% used [0x00000000a0000000,0x00000000a06b89e8,0x00000000a2780000)
 Metaspace       used 23378K, capacity 24068K, committed 24320K, reserved 1071104K
  class space    used 3035K, capacity 3224K, committed 3328K, reserved 1048576K
}
Event: 6.271 GC heap before
{Heap before GC invocations=9 (full 1):
 PSYoungGen      total 53248K, used 52200K [0x00000000e0000000, 0x00000000e3800000, 0x0000000100000000)
  eden space 49152K, 100% used [0x00000000e0000000,0x00000000e3000000,0x00000000e3000000)
  from space 4096K, 74% used [0x00000000e3000000,0x00000000e32fa2f8,0x00000000e3400000)
  to   space 4096K, 0% used [0x00000000e3400000,0x00000000e3400000,0x00000000e3800000)
 ParOldGen       total 40448K, used 6882K [0x00000000a0000000, 0x00000000a2780000, 0x00000000e0000000)
  object space 40448K, 17% used [0x00000000a0000000,0x00000000a06b89e8,0x00000000a2780000)
 Metaspace       used 25191K, capacity 25964K, committed 26112K, reserved 1071104K
  class space    used 3287K, capacity 3506K, committed 3584K, reserved 1048576K
Event: 6.280 GC heap after
Heap after GC invocations=9 (full 1):
 PSYoungGen      total 53248K, used 4075K [0x00000000e0000000, 0x00000000e3800000, 0x0000000100000000)
  eden space 49152K, 0% used [0x00000000e0000000,0x00000000e0000000,0x00000000e3000000)
  from space 4096K, 99% used [0x00000000e3400000,0x00000000e37facb0,0x00000000e3800000)
  to   space 4096K, 0% used [0x00000000e3000000,0x00000000e3000000,0x00000000e3400000)
 ParOldGen       total 40448K, used 8317K [0x00000000a0000000, 0x00000000a2780000, 0x00000000e0000000)
  object space 40448K, 20% used [0x00000000a0000000,0x00000000a081f628,0x00000000a2780000)
 Metaspace       used 25191K, capacity 25964K, committed 26112K, reserved 1071104K
  class space    used 3287K, capacity 3506K, committed 3584K, reserved 1048576K
}
Event: 7.775 GC heap before
{Heap before GC invocations=10 (full 1):
 PSYoungGen      total 53248K, used 53227K [0x00000000e0000000, 0x00000000e3800000, 0x0000000100000000)
  eden space 49152K, 100% used [0x00000000e0000000,0x00000000e3000000,0x00000000e3000000)
  from space 4096K, 99% used [0x00000000e3400000,0x00000000e37facb0,0x00000000e3800000)
  to   space 4096K, 0% used [0x00000000e3000000,0x00000000e3000000,0x00000000e3400000)
 ParOldGen       total 40448K, used 8317K [0x00000000a0000000, 0x00000000a2780000, 0x00000000e0000000)
  object space 40448K, 20% used [0x00000000a0000000,0x00000000a081f628,0x00000000a2780000)
 Metaspace       used 28710K, capacity 29728K, committed 29952K, reserved 1075200K
  class space    used 3754K, capacity 3982K, committed 4096K, reserved 1048576K
Event: 7.785 GC heap after
Heap after GC invocations=10 (full 1):
 PSYoungGen      total 53248K, used 4091K [0x00000000e0000000, 0x00000000e3800000, 0x0000000100000000)
  eden space 49152K, 0% used [0x00000000e0000000,0x00000000e0000000,0x00000000e3000000)
  from space 4096K, 99% used [0x00000000e3000000,0x00000000e33feeb0,0x00000000e3400000)
  to   space 4096K, 0% used [0x00000000e3400000,0x00000000e3400000,0x00000000e3800000)
 ParOldGen       total 40448K, used 12305K [0x00000000a0000000, 0x00000000a2780000, 0x00000000e0000000)
  object space 40448K, 30% used [0x00000000a0000000,0x00000000a0c047b0,0x00000000a2780000)
 Metaspace       used 28710K, capacity 29728K, committed 29952K, reserved 1075200K
  class space    used 3754K, capacity 3982K, committed 4096K, reserved 1048576K
}
Event: 8.659 GC heap before
{Heap before GC invocations=11 (full 1):
 PSYoungGen      total 53248K, used 53229K [0x00000000e0000000, 0x00000000e3800000, 0x0000000100000000)
  eden space 49152K, 99% used [0x00000000e0000000,0x00000000e2ffc670,0x00000000e3000000)
  from space 4096K, 99% used [0x00000000e3000000,0x00000000e33feeb0,0x00000000e3400000)
  to   space 4096K, 0% used [0x00000000e3400000,0x00000000e3400000,0x00000000e3800000)
 ParOldGen       total 40448K, used 12305K [0x00000000a0000000, 0x00000000a2780000, 0x00000000e0000000)
  object space 40448K, 30% used [0x00000000a0000000,0x00000000a0c047b0,0x00000000a2780000)
 Metaspace       used 30771K, capacity 32216K, committed 32512K, reserved 1077248K
  class space    used 4020K, capacity 4310K, committed 4352K, reserved 1048576K
Event: 8.672 GC heap after
Heap after GC invocations=11 (full 1):
 PSYoungGen      total 53248K, used 4079K [0x00000000e0000000, 0x00000000e3800000, 0x0000000100000000)
  eden space 49152K, 0% used [0x00000000e0000000,0x00000000e0000000,0x00000000e3000000)
  from space 4096K, 99% used [0x00000000e3400000,0x00000000e37fbd50,0x00000000e3800000)
  to   space 4096K, 0% used [0x00000000e3000000,0x00000000e3000000,0x00000000e3400000)
 ParOldGen       total 40448K, used 14942K [0x00000000a0000000, 0x00000000a2780000, 0x00000000e0000000)
  object space 40448K, 36% used [0x00000000a0000000,0x00000000a0e97a68,0x00000000a2780000)
 Metaspace       used 30771K, capacity 32216K, committed 32512K, reserved 1077248K
  class space    used 4020K, capacity 4310K, committed 4352K, reserved 1048576K
}
Event: 9.114 GC heap before
{Heap before GC invocations=12 (full 1):
 PSYoungGen      total 53248K, used 53231K [0x00000000e0000000, 0x00000000e3800000, 0x0000000100000000)
  eden space 49152K, 100% used [0x00000000e0000000,0x00000000e3000000,0x00000000e3000000)
  from space 4096K, 99% used [0x00000000e3400000,0x00000000e37fbd50,0x00000000e3800000)
  to   space 4096K, 0% used [0x00000000e3000000,0x00000000e3000000,0x00000000e3400000)
 ParOldGen       total 40448K, used 14942K [0x00000000a0000000, 0x00000000a2780000, 0x00000000e0000000)
  object space 40448K, 36% used [0x00000000a0000000,0x00000000a0e97a68,0x00000000a2780000)
 Metaspace       used 31806K, capacity 33250K, committed 33408K, reserved 1079296K
  class space    used 4130K, capacity 4413K, committed 4480K, reserved 1048576K
Event: 9.121 GC heap after
Heap after GC invocations=12 (full 1):
 PSYoungGen      total 53248K, used 1703K [0x00000000e0000000, 0x00000000e3800000, 0x0000000100000000)
  eden space 49152K, 0% used [0x00000000e0000000,0x00000000e0000000,0x00000000e3000000)
  from space 4096K, 41% used [0x00000000e3000000,0x00000000e31a9dc8,0x00000000e3400000)
  to   space 4096K, 0% used [0x00000000e3400000,0x00000000e3400000,0x00000000e3800000)
 ParOldGen       total 40448K, used 17838K [0x00000000a0000000, 0x00000000a2780000, 0x00000000e0000000)
  object space 40448K, 44% used [0x00000000a0000000,0x00000000a116baa8,0x00000000a2780000)
 Metaspace       used 31806K, capacity 33250K, committed 33408K, reserved 1079296K
  class space    used 4130K, capacity 4413K, committed 4480K, reserved 1048576K
}
Event: 9.984 GC heap before
{Heap before GC invocations=13 (full 1):
 PSYoungGen      total 53248K, used 20861K [0x00000000e0000000, 0x00000000e3800000, 0x0000000100000000)
  eden space 49152K, 38% used [0x00000000e0000000,0x00000000e12b57c8,0x00000000e3000000)
  from space 4096K, 41% used [0x00000000e3000000,0x00000000e31a9dc8,0x00000000e3400000)
  to   space 4096K, 0% used [0x00000000e3400000,0x00000000e3400000,0x00000000e3800000)
 ParOldGen       total 40448K, used 17838K [0x00000000a0000000, 0x00000000a2780000, 0x00000000e0000000)
  object space 40448K, 44% used [0x00000000a0000000,0x00000000a116baa8,0x00000000a2780000)
 Metaspace       used 33863K, capacity 35354K, committed 35456K, reserved 1079296K
  class space    used 4369K, capacity 4673K, committed 4736K, reserved 1048576K

Deoptimization events (10 events):
Event: 9.518 Thread 0x000000005945b800 Uncommon trap: reason=unstable_if action=reinterpret pc=0x00000000030583f0 method=org.springframework.util.ObjectUtils.nullSafeEquals(Ljava/lang/Object;Ljava/lang/Object;)Z @ 8
Event: 9.518 Thread 0x000000005945b800 Uncommon trap: reason=unstable_if action=reinterpret pc=0x00000000030796ec method=org.springframework.boot.context.properties.source.ConfigurationPropertyName.equals(Ljava/lang/Object;)Z @ 8
Event: 9.546 Thread 0x0000000059643800 Uncommon trap: reason=unstable_if action=reinterpret pc=0x0000000002d30984 method=java.net.URL.<init>(Ljava/net/URL;Ljava/lang/String;Ljava/net/URLStreamHandler;)V @ 57
Event: 9.546 Thread 0x0000000059643800 Uncommon trap: reason=unstable_if action=reinterpret pc=0x00000000034e3348 method=java.net.URLStreamHandler.parseURL(Ljava/net/URL;Ljava/lang/String;II)V @ 57
Event: 9.548 Thread 0x000000005945b800 Uncommon trap: reason=unstable_if action=reinterpret pc=0x0000000002bad4b0 method=java.lang.AbstractStringBuilder.append(Ljava/lang/String;)Ljava/lang/AbstractStringBuilder; @ 1
Event: 9.556 Thread 0x000000005945b800 Uncommon trap: reason=unstable_if action=reinterpret pc=0x00000000034e855c method=java.util.concurrent.ConcurrentHashMap.get(Ljava/lang/Object;)Ljava/lang/Object; @ 152
Event: 9.688 Thread 0x000000005945b800 Uncommon trap: reason=unstable_if action=reinterpret pc=0x000000000327f19c method=org.springframework.asm.Frame.push(I)V @ 26
Event: 9.866 Thread 0x000000005945b800 Uncommon trap: reason=unstable_if action=reinterpret pc=0x0000000002be7f7c method=java.net.URI.match(CJJ)Z @ 45
Event: 9.875 Thread 0x000000005945b800 Uncommon trap: reason=unstable_if action=reinterpret pc=0x00000000034dd554 method=java.util.Properties.load0(Ljava/util/Properties$LineReader;)V @ 161
Event: 9.876 Thread 0x000000005945b800 Uncommon trap: reason=unstable_if action=reinterpret pc=0x000000000349eb10 method=java.util.Properties$LineReader.readLine()I @ 271

Internal exceptions (10 events):
Event: 9.550 Thread 0x000000005945b800 Implicit null exception at 0x000000000335174d to 0x0000000003351c9c
Event: 9.550 Thread 0x000000005945b800 Exception <a 'java/lang/NullPointerException'> (0x00000000e0944320) thrown at [C:\re\workspace\8-2-build-windows-amd64-cygwin\jdk8u144\9417\hotspot\src\share\vm\runtime\sharedRuntime.cpp, line 605]
Event: 9.550 Thread 0x000000005945b800 Implicit null exception at 0x000000000335174d to 0x0000000003351c9c
Event: 9.550 Thread 0x000000005945b800 Exception <a 'java/lang/NullPointerException'> (0x00000000e09450d0) thrown at [C:\re\workspace\8-2-build-windows-amd64-cygwin\jdk8u144\9417\hotspot\src\share\vm\runtime\sharedRuntime.cpp, line 605]
Event: 9.550 Thread 0x000000005945b800 Implicit null exception at 0x000000000335174d to 0x0000000003351c9c
Event: 9.550 Thread 0x000000005945b800 Exception <a 'java/lang/NullPointerException'> (0x00000000e0945e88) thrown at [C:\re\workspace\8-2-build-windows-amd64-cygwin\jdk8u144\9417\hotspot\src\share\vm\runtime\sharedRuntime.cpp, line 605]
Event: 9.551 Thread 0x000000005945b800 Implicit null exception at 0x000000000335174d to 0x0000000003351c9c
Event: 9.551 Thread 0x000000005945b800 Exception <a 'java/lang/NullPointerException'> (0x00000000e0946ca8) thrown at [C:\re\workspace\8-2-build-windows-amd64-cygwin\jdk8u144\9417\hotspot\src\share\vm\runtime\sharedRuntime.cpp, line 605]
Event: 9.551 Thread 0x000000005945b800 Implicit null exception at 0x000000000335174d to 0x0000000003351c9c
Event: 9.551 Thread 0x000000005945b800 Exception <a 'java/lang/NullPointerException'> (0x00000000e0947ac8) thrown at [C:\re\workspace\8-2-build-windows-amd64-cygwin\jdk8u144\9417\hotspot\src\share\vm\runtime\sharedRuntime.cpp, line 605]

Events (10 events):
Event: 9.908 loading class java/sql/CallableStatement done
Event: 9.910 loading class com/mysql/cj/jdbc/ClientPreparedStatement
Event: 9.910 loading class com/mysql/cj/jdbc/ClientPreparedStatement done
Event: 9.971 loading class com/mysql/cj/jdbc/JdbcPreparedStatement
Event: 9.971 loading class com/mysql/cj/jdbc/JdbcPreparedStatement done
Event: 9.972 loading class com/mysql/cj/jdbc/JdbcStatement
Event: 9.972 loading class com/mysql/cj/jdbc/JdbcStatement done
Event: 9.981 loading class com/mysql/cj/Query
Event: 9.981 loading class com/mysql/cj/Query done
Event: 9.984 Executing VM operation: CollectForMetadataAllocation


Dynamic libraries:
0x000000013f760000 - 0x000000013f797000 	C:\Program Files\Java\jre1.8.0_144\bin\javaw.exe
0x00000000779a0000 - 0x0000000077b49000 	C:\Windows\SYSTEM32\ntdll.dll
0x0000000077880000 - 0x000000007799f000 	C:\Windows\system32\kernel32.dll
0x000007fefd9a0000 - 0x000007fefda0b000 	C:\Windows\system32\KERNELBASE.dll
0x000007feff130000 - 0x000007feff20b000 	C:\Windows\system32\ADVAPI32.dll
0x000007feff090000 - 0x000007feff12f000 	C:\Windows\system32\msvcrt.dll
0x000007fefead0000 - 0x000007fefeaef000 	C:\Windows\SYSTEM32\sechost.dll
0x000007fefede0000 - 0x000007fefef0d000 	C:\Windows\system32\RPCRT4.dll
0x0000000077780000 - 0x000000007787a000 	C:\Windows\system32\USER32.dll
0x000007feff940000 - 0x000007feff9a7000 	C:\Windows\system32\GDI32.dll
0x000007feffb80000 - 0x000007feffb8e000 	C:\Windows\system32\LPK.dll
0x000007fefeca0000 - 0x000007fefed69000 	C:\Windows\system32\USP10.dll
0x000007fefc3c0000 - 0x000007fefc5b4000 	C:\Windows\WinSxS\amd64_microsoft.windows.common-controls_6595b64144ccf1df_6.0.7601.17514_none_fa396087175ac9ac\COMCTL32.dll
0x000007feffb90000 - 0x000007feffc01000 	C:\Windows\system32\SHLWAPI.dll
0x000007fefeaa0000 - 0x000007fefeace000 	C:\Windows\system32\IMM32.DLL
0x000007feffa50000 - 0x000007feffb59000 	C:\Windows\system32\MSCTF.dll
0x000000006de30000 - 0x000000006df02000 	C:\Program Files\Java\jre1.8.0_144\bin\msvcr100.dll
0x000000006d4c0000 - 0x000000006dd5d000 	C:\Program Files\Java\jre1.8.0_144\bin\server\jvm.dll
0x000007fef5660000 - 0x000007fef5669000 	C:\Windows\system32\WSOCK32.dll
0x000007fefea50000 - 0x000007fefea9d000 	C:\Windows\system32\WS2_32.dll
0x000007fefedd0000 - 0x000007fefedd8000 	C:\Windows\system32\NSI.dll
0x000007fefbab0000 - 0x000007fefbaeb000 	C:\Windows\system32\WINMM.dll
0x000007fefca50000 - 0x000007fefca5c000 	C:\Windows\system32\VERSION.dll
0x0000000077b60000 - 0x0000000077b67000 	C:\Windows\system32\PSAPI.DLL
0x0000000075670000 - 0x000000007567f000 	C:\Program Files\Java\jre1.8.0_144\bin\verify.dll
0x0000000074640000 - 0x0000000074669000 	C:\Program Files\Java\jre1.8.0_144\bin\java.dll
0x0000000075650000 - 0x0000000075666000 	C:\Program Files\Java\jre1.8.0_144\bin\zip.dll
0x000007fefdcc0000 - 0x000007fefea48000 	C:\Windows\system32\SHELL32.dll
0x000007feff4d0000 - 0x000007feff6d3000 	C:\Windows\system32\ole32.dll
0x000007fefd8f0000 - 0x000007fefd8ff000 	C:\Windows\system32\profapi.dll
0x0000000074720000 - 0x000000007472d000 	C:\Program Files\Java\jre1.8.0_144\bin\management.dll
0x0000000074620000 - 0x000000007463a000 	C:\Program Files\Java\jre1.8.0_144\bin\net.dll
0x000007fefd120000 - 0x000007fefd175000 	C:\Windows\system32\mswsock.dll
0x000007fefd110000 - 0x000007fefd117000 	C:\Windows\System32\wship6.dll
0x000007fefbbc0000 - 0x000007fefbbd5000 	C:\Windows\system32\NLAapi.dll
0x000007fef91c0000 - 0x000007fef91d5000 	C:\Windows\system32\napinsp.dll
0x000007fef91a0000 - 0x000007fef91b9000 	C:\Windows\system32\pnrpnsp.dll
0x000007fefcfa0000 - 0x000007fefcffb000 	C:\Windows\system32\DNSAPI.dll
0x000007fef9190000 - 0x000007fef919b000 	C:\Windows\System32\winrnr.dll
0x000007fefcb20000 - 0x000007fefcb27000 	C:\Windows\System32\wshtcpip.dll
0x000007fefb620000 - 0x000007fefb647000 	C:\Windows\system32\IPHLPAPI.DLL
0x000007fefb600000 - 0x000007fefb60b000 	C:\Windows\system32\WINNSI.DLL
0x000007fef9180000 - 0x000007fef9188000 	C:\Windows\system32\rasadhlp.dll
0x000007fefb500000 - 0x000007fefb553000 	C:\Windows\System32\fwpuclnt.dll
0x0000000074600000 - 0x0000000074611000 	C:\Program Files\Java\jre1.8.0_144\bin\nio.dll
0x000007fefd180000 - 0x000007fefd197000 	C:\Windows\system32\CRYPTSP.dll
0x000007fefce80000 - 0x000007fefcec7000 	C:\Windows\system32\rsaenh.dll
0x000007fefcc40000 - 0x000007fefcc5e000 	C:\Windows\system32\USERENV.dll
0x000007fefd7e0000 - 0x000007fefd7ef000 	C:\Windows\system32\CRYPTBASE.dll
0x000007fefb490000 - 0x000007fefb4a1000 	C:\Windows\system32\dhcpcsvc6.DLL
0x000007fefb470000 - 0x000007fefb488000 	C:\Windows\system32\dhcpcsvc.DLL

VM Arguments:
jvm_args: -Dfile.encoding=UTF-8 
java_command: com.taskmanager.TaskmanagerApplication
java_class_path (initial): C:\Users\Admin\eclipse-workspace\taskmanager\target\classes;C:\Users\Admin\.m2\repository\org\springframework\boot\spring-boot-starter-data-jpa\2.1.5.RELEASE\spring-boot-starter-data-jpa-2.1.5.RELEASE.jar;C:\Users\Admin\.m2\repository\org\springframework\boot\spring-boot-starter-aop\2.1.5.RELEASE\spring-boot-starter-aop-2.1.5.RELEASE.jar;C:\Users\Admin\.m2\repository\org\springframework\spring-aop\5.1.7.RELEASE\spring-aop-5.1.7.RELEASE.jar;C:\Users\Admin\.m2\repository\org\aspectj\aspectjweaver\1.9.4\aspectjweaver-1.9.4.jar;C:\Users\Admin\.m2\repository\org\springframework\boot\spring-boot-starter-jdbc\2.1.5.RELEASE\spring-boot-starter-jdbc-2.1.5.RELEASE.jar;C:\Users\Admin\.m2\repository\com\zaxxer\HikariCP\3.2.0\HikariCP-3.2.0.jar;C:\Users\Admin\.m2\repository\org\springframework\spring-jdbc\5.1.7.RELEASE\spring-jdbc-5.1.7.RELEASE.jar;C:\Users\Admin\.m2\repository\javax\transaction\javax.transaction-api\1.3\javax.transaction-api-1.3.jar;C:\Users\Admin\.m2\repository\javax\xml\bind\jaxb-api\2.3.1\jaxb-api-2.3.1.jar;C:\Users\Admin\.m2\repository\javax\activation\javax.activation-api\1.2.0\javax.activation-api-1.2.0.jar;C:\Users\Admin\.m2\repository\org\hibernate\hibernate-core\5.3.10.Final\hibernate-core-5.3.10.Final.jar;C:\Users\Admin\.m2\repository\org\jboss\logging\jboss-logging\3.3.2.Final\jboss-logging-3.3.2.Final.jar;C:\Users\Admin\.m2\repository\javax\persistence\javax.persistence-api\2.2\javax.persistence-api-2.2.jar;C:\Users\Admin\.m2\repository\org\javassist\javassist\3.23.2-GA\javassist-3.23.2-GA.jar;C:\Users\Admin\.m2\repository\net\bytebuddy\byte-buddy\1.9.12\byte-buddy-1.9.12.jar;C:\Users\Admin\.m2\repository\antlr\antlr\2.7.7\antlr-2.7.7.jar;C:\Users\Admin\.m2\repository\org\jboss\jandex\2.0.5.Final\jandex-2.0.5.Final.jar;C:\Users\Admin\.m2\repository\org\dom4j\dom4j\2.1.1\dom4j-2.1.1.jar;C:\Users\Admin\.m2\repository\org\hibernate\common\hibernate-commons-annotations\5.0.4.Final\hibernate-commons-annotations-5.0.4.Final.ja
Launcher Type: SUN_STANDARD

Environment Variables:
JAVA_HOME=C:\Program Files\Java\jdk1.8.0_144
PATH=C:/Program Files/Java/jre1.8.0_144/bin/server;C:/Program Files/Java/jre1.8.0_144/bin;C:/Program Files/Java/jre1.8.0_144/lib/amd64;C:\ProgramData\Oracle\Java\javapath;C:\Windows\system32;C:\Windows;C:\Windows\System32\Wbem;C:\Windows\System32\WindowsPowerShell\v1.0\;C:\Program Files\Git\cmd;C:\Program Files (x86)\MySQL\MySQL Fabric 1.5 & MySQL Utilities 1.5\;C:\Program Files (x86)\MySQL\MySQL Fabric 1.5 & MySQL Utilities 1.5\Doctrine extensions for PHP\;C:\Program Files\nodejs\;C:\Program Files\Microsoft VS Code\bin;C:\java cognizant\apache-maven-3.5.0-bin\apache-maven-3.5.0\bin;C:\Program Files\Java\jdk1.8.0_144\bin;C:\Users\Admin\AppData\Roaming\npm;C:\Program Files\Boot2Docker for Windows;C:\Users\Admin\Desktop;
USERNAME=Admin
OS=Windows_NT
PROCESSOR_IDENTIFIER=Intel64 Family 6 Model 62 Stepping 4, GenuineIntel



---------------  S Y S T E M  ---------------

OS: Windows 7 , 64 bit Build 7601 (6.1.7601.17514)

CPU:total 6 (initial active 6) (8 cores per cpu, 1 threads per core) family 6 model 62 stepping 4, cmov, cx8, fxsr, mmx, sse, sse2, sse3, ssse3, sse4.1, sse4.2, popcnt, avx, aes, clmul, erms, tsc

Memory: 4k page, physical 6291000k(269716k free), swap 25162156k(5056k free)

vm_info: Java HotSpot(TM) 64-Bit Server VM (25.144-b01) for windows-amd64 JRE (1.8.0_144-b01), built on Jul 21 2017 21:57:33 by "java_re" with MS VC++ 10.0 (VS2010)

time: Fri May 31 13:23:18 2019
elapsed time: 10 seconds (0d 0h 0m 10s)

